<?xml version="1.0" encoding="UTF-8"?>
<!-- Generated by org.testng.reporters.JUnitReportReporter -->
<testsuite hostname="LAPTOP-5TRCJJ00" failures="0" tests="2" name="Axess_Technology.Dominos.Dominos_Test" time="90.779" errors="0" timestamp="2024-05-15T23:38:56 IST" skipped="0">
  <testcase classname="Axess_Technology.Dominos.Dominos_Test" name="testOnBrowser" time="61.954"/>
  <testcase classname="Axess_Technology.Dominos.Dominos_Test" name="dominos_Order" time="28.825"/>
</testsuite> <!-- Axess_Technology.Dominos.Dominos_Test -->
